{"level":"info","message":{"apiType":"rest","payloadSize":15,"queueType":"round-robin","responseTime":0.502,"selectedEndpoint":"http://localhost:5001/rest","timestamp":"2024-06-04T11:33:26.986Z"},"service":"load-balancer"}
{"level":"info","message":{"apiType":"rest","payloadSize":27,"queueType":"round-robin","responseTime":0.504,"selectedEndpoint":"http://localhost:5001/rest","timestamp":"2024-06-04T11:35:46.814Z"},"service":"load-balancer"}
{"level":"info","message":{"apiType":"rest","payloadSize":27,"queueType":"round-robin","responseTime":0.5,"selectedEndpoint":"http://localhost:5002/rest","timestamp":"2024-06-04T11:35:47.461Z"},"service":"load-balancer"}
{"level":"info","message":{"apiType":"rest","payloadSize":27,"queueType":"round-robin","responseTime":0.505,"selectedEndpoint":"http://localhost:5001/rest","timestamp":"2024-06-04T11:35:48.090Z"},"service":"load-balancer"}
{"level":"info","message":{"apiType":"rest","payloadSize":27,"queueType":"round-robin","responseTime":0.514,"selectedEndpoint":"http://localhost:5002/rest","timestamp":"2024-06-04T11:35:48.719Z"},"service":"load-balancer"}
{"level":"info","message":{"apiType":"rest","payloadSize":27,"queueType":"round-robin","responseTime":0.505,"selectedEndpoint":"http://localhost:5001/rest","timestamp":"2024-06-04T11:35:49.340Z"},"service":"load-balancer"}
{"level":"info","message":{"apiType":"rest","payloadSize":15,"queueType":"round-robin","responseTime":0.509,"selectedEndpoint":"http://localhost:5002/rest","timestamp":"2024-06-04T11:38:24.914Z"},"service":"load-balancer"}
{"level":"info","message":{"apiType":"graphql","payloadSize":20,"queueType":"priority","responseTime":0.509,"selectedEndpoint":"http://localhost:5001/graphql","timestamp":"2024-06-04T11:44:33.663Z"},"service":"load-balancer"}
{"level":"info","message":{"apiType":"graphql","payloadSize":20,"queueType":"priority","responseTime":0.511,"selectedEndpoint":"http://localhost:5001/graphql","timestamp":"2024-06-04T11:48:00.406Z"},"service":"load-balancer"}
{"level":"info","message":{"apiType":"grpc","payloadSize":23,"queueType":"fifo","responseTime":0.509,"selectedEndpoint":"http://localhost:5001/grpc","timestamp":"2024-06-04T11:48:08.373Z"},"service":"load-balancer"}
{"level":"info","message":{"apiType":"graphql","payloadSize":20,"queueType":"priority","responseTime":0.509,"selectedEndpoint":"http://localhost:5002/graphql","timestamp":"2024-06-04T11:49:34.765Z"},"service":"load-balancer"}
{"level":"info","message":{"apiType":"graphql","payloadSize":20,"queueType":"priority","responseTime":0.507,"selectedEndpoint":"http://localhost:5001/graphql","timestamp":"2024-06-04T11:49:35.383Z"},"service":"load-balancer"}
{"level":"info","message":{"apiType":"graphql","payloadSize":20,"queueType":"priority","responseTime":0.511,"selectedEndpoint":"http://localhost:5002/graphql","timestamp":"2024-06-04T11:49:36.005Z"},"service":"load-balancer"}
{"level":"info","message":{"apiType":"graphql","payloadSize":20,"queueType":"priority","responseTime":0.511,"selectedEndpoint":"http://localhost:5001/graphql","timestamp":"2024-06-04T11:49:36.628Z"},"service":"load-balancer"}
{"level":"info","message":{"apiType":"graphql","payloadSize":20,"queueType":"priority","responseTime":0.502,"selectedEndpoint":"http://localhost:5002/graphql","timestamp":"2024-06-04T11:49:37.234Z"},"service":"load-balancer"}
{"level":"info","message":{"apiType":"graphql","payloadSize":20,"queueType":"priority","responseTime":0.501,"selectedEndpoint":"http://localhost:5001/graphql","timestamp":"2024-06-04T11:49:37.850Z"},"service":"load-balancer"}
{"level":"info","message":{"apiType":"graphql","payloadSize":20,"queueType":"priority","responseTime":0.506,"selectedEndpoint":"http://localhost:5002/graphql","timestamp":"2024-06-04T11:49:38.457Z"},"service":"load-balancer"}
{"level":"info","message":{"apiType":"graphql","payloadSize":20,"queueType":"priority","responseTime":0.5,"selectedEndpoint":"http://localhost:5001/graphql","timestamp":"2024-06-04T11:49:39.067Z"},"service":"load-balancer"}
{"level":"info","message":{"apiType":"graphql","payloadSize":20,"queueType":"priority","responseTime":0.502,"selectedEndpoint":"http://localhost:5002/graphql","timestamp":"2024-06-04T11:49:39.683Z"},"service":"load-balancer"}
{"level":"info","message":{"apiType":"graphql","payloadSize":20,"queueType":"priority","responseTime":0.508,"selectedEndpoint":"http://localhost:5001/graphql","timestamp":"2024-06-04T11:49:40.291Z"},"service":"load-balancer"}
{"level":"info","message":{"apiType":"grpc","payloadSize":101,"queueType":"fifo","responseTime":0.51,"selectedEndpoint":"http://localhost:5001/grpc","timestamp":"2024-06-05T02:54:51.846Z"},"service":"load-balancer"}
{"level":"info","message":{"apiType":"grpc","payloadSize":137,"queueType":"fifo","responseTime":0.51,"selectedEndpoint":"http://localhost:5002/grpc","timestamp":"2024-06-05T02:54:52.467Z"},"service":"load-balancer"}
{"level":"info","message":{"apiType":"grpc","payloadSize":85,"queueType":"fifo","responseTime":0.51,"selectedEndpoint":"http://localhost:5003/grpc","timestamp":"2024-06-05T02:54:53.089Z"},"service":"load-balancer"}
{"level":"info","message":{"apiType":"grpc","payloadSize":73,"queueType":"fifo","responseTime":0.513,"selectedEndpoint":"http://localhost:5001/grpc","timestamp":"2024-06-05T02:54:53.709Z"},"service":"load-balancer"}
{"level":"info","message":{"apiType":"grpc","payloadSize":57,"queueType":"fifo","responseTime":0.504,"selectedEndpoint":"http://localhost:5002/grpc","timestamp":"2024-06-05T02:54:54.325Z"},"service":"load-balancer"}
{"level":"info","message":{"apiType":"grpc","payloadSize":97,"queueType":"fifo","responseTime":0.502,"selectedEndpoint":"http://localhost:5003/grpc","timestamp":"2024-06-05T02:54:54.933Z"},"service":"load-balancer"}
{"level":"info","message":{"apiType":"grpc","payloadSize":125,"queueType":"fifo","responseTime":0.505,"selectedEndpoint":"http://localhost:5001/grpc","timestamp":"2024-06-05T02:54:55.559Z"},"service":"load-balancer"}
{"level":"info","message":{"apiType":"grpc","payloadSize":65,"queueType":"fifo","responseTime":0.507,"selectedEndpoint":"http://localhost:5002/grpc","timestamp":"2024-06-05T02:54:56.178Z"},"service":"load-balancer"}
{"level":"info","message":{"apiType":"grpc","payloadSize":117,"queueType":"fifo","responseTime":0.514,"selectedEndpoint":"http://localhost:5003/grpc","timestamp":"2024-06-05T02:54:56.806Z"},"service":"load-balancer"}
{"level":"info","message":{"apiType":"grpc","payloadSize":157,"queueType":"fifo","responseTime":0.511,"selectedEndpoint":"http://localhost:5001/grpc","timestamp":"2024-06-05T02:54:57.429Z"},"service":"load-balancer"}
{"level":"info","message":{"apiType":"grpc","payloadSize":93,"queueType":"fifo","responseTime":0.515,"selectedEndpoint":"http://localhost:5001/grpc","timestamp":"2024-06-05T03:18:08.376Z"},"service":"load-balancer"}
{"level":"info","message":{"apiType":"grpc","payloadSize":113,"queueType":"fifo","responseTime":0.502,"selectedEndpoint":"http://localhost:5002/grpc","timestamp":"2024-06-05T03:18:08.994Z"},"service":"load-balancer"}
{"level":"info","message":{"apiType":"grpc","payloadSize":117,"queueType":"fifo","responseTime":0.5,"selectedEndpoint":"http://localhost:5003/grpc","timestamp":"2024-06-05T03:18:09.610Z"},"service":"load-balancer"}
{"level":"info","message":{"apiType":"grpc","payloadSize":73,"queueType":"fifo","responseTime":0.512,"selectedEndpoint":"http://localhost:5001/grpc","timestamp":"2024-06-05T03:18:10.225Z"},"service":"load-balancer"}
{"level":"info","message":{"apiType":"grpc","payloadSize":69,"queueType":"fifo","responseTime":0.51,"selectedEndpoint":"http://localhost:5002/grpc","timestamp":"2024-06-05T03:18:10.847Z"},"service":"load-balancer"}
{"level":"info","message":{"apiType":"grpc","payloadSize":69,"queueType":"fifo","responseTime":0.503,"selectedEndpoint":"http://localhost:5003/grpc","timestamp":"2024-06-05T03:18:11.463Z"},"service":"load-balancer"}
{"level":"info","message":{"apiType":"grpc","payloadSize":89,"queueType":"fifo","responseTime":0.511,"selectedEndpoint":"http://localhost:5001/grpc","timestamp":"2024-06-05T03:18:12.088Z"},"service":"load-balancer"}
{"level":"info","message":{"apiType":"grpc","payloadSize":121,"queueType":"fifo","responseTime":0.501,"selectedEndpoint":"http://localhost:5002/grpc","timestamp":"2024-06-05T03:18:12.696Z"},"service":"load-balancer"}
{"level":"info","message":{"apiType":"grpc","payloadSize":77,"queueType":"fifo","responseTime":0.509,"selectedEndpoint":"http://localhost:5003/grpc","timestamp":"2024-06-05T03:18:13.312Z"},"service":"load-balancer"}
{"level":"info","message":{"apiType":"grpc","payloadSize":117,"queueType":"fifo","responseTime":0.5,"selectedEndpoint":"http://localhost:5001/grpc","timestamp":"2024-06-05T03:18:13.914Z"},"service":"load-balancer"}
{"level":"info","message":{"apiType":"grpc","payloadSize":73,"queueType":"fifo","responseTime":0.515,"selectedEndpoint":"http://localhost:5001/grpc","timestamp":"2024-06-05T03:28:49.121Z"},"service":"load-balancer"}
{"level":"info","message":{"apiType":"grpc","payloadSize":81,"queueType":"fifo","responseTime":0.506,"selectedEndpoint":"http://localhost:5002/grpc","timestamp":"2024-06-05T03:28:49.736Z"},"service":"load-balancer"}
{"level":"info","message":{"apiType":"grpc","payloadSize":157,"queueType":"fifo","responseTime":0.515,"selectedEndpoint":"http://localhost:5003/grpc","timestamp":"2024-06-05T03:28:50.353Z"},"service":"load-balancer"}
{"level":"info","message":{"apiType":"grpc","payloadSize":73,"queueType":"fifo","responseTime":0.507,"selectedEndpoint":"http://localhost:5001/grpc","timestamp":"2024-06-05T03:28:50.971Z"},"service":"load-balancer"}
{"level":"info","message":{"apiType":"grpc","payloadSize":101,"queueType":"fifo","responseTime":0.508,"selectedEndpoint":"http://localhost:5002/grpc","timestamp":"2024-06-05T03:28:51.584Z"},"service":"load-balancer"}
{"level":"info","message":{"apiType":"grpc","payloadSize":49,"queueType":"fifo","responseTime":0.513,"selectedEndpoint":"http://localhost:5003/grpc","timestamp":"2024-06-05T03:28:52.202Z"},"service":"load-balancer"}
{"level":"info","message":{"apiType":"grpc","payloadSize":145,"queueType":"fifo","responseTime":0.516,"selectedEndpoint":"http://localhost:5001/grpc","timestamp":"2024-06-05T03:28:52.823Z"},"service":"load-balancer"}
{"level":"info","message":{"apiType":"grpc","payloadSize":113,"queueType":"fifo","responseTime":0.512,"selectedEndpoint":"http://localhost:5002/grpc","timestamp":"2024-06-05T03:28:53.436Z"},"service":"load-balancer"}
{"level":"info","message":{"apiType":"grpc","payloadSize":109,"queueType":"fifo","responseTime":0.503,"selectedEndpoint":"http://localhost:5003/grpc","timestamp":"2024-06-05T03:28:54.043Z"},"service":"load-balancer"}
{"level":"info","message":{"apiType":"grpc","payloadSize":105,"queueType":"fifo","responseTime":0.505,"selectedEndpoint":"http://localhost:5001/grpc","timestamp":"2024-06-05T03:28:54.660Z"},"service":"load-balancer"}
{"level":"info","message":{"apiType":"graphql","payloadSize":102,"queueType":"priority","responseTime":0.506,"selectedEndpoint":"http://localhost:5001/graphql","timestamp":"2024-06-05T03:44:08.180Z"},"service":"load-balancer"}
{"level":"info","message":{"apiType":"graphql","payloadSize":94,"queueType":"priority","responseTime":0.509,"selectedEndpoint":"http://localhost:5002/graphql","timestamp":"2024-06-05T03:44:11.557Z"},"service":"load-balancer"}
{"level":"info","message":{"apiType":"graphql","payloadSize":82,"queueType":"priority","responseTime":0.507,"selectedEndpoint":"http://localhost:5003/graphql","timestamp":"2024-06-05T03:44:14.698Z"},"service":"load-balancer"}
{"level":"info","message":{"apiType":"rest","payloadSize":90,"queueType":"priority","responseTime":0.502,"selectedEndpoint":"http://localhost:5001/rest","timestamp":"2024-06-05T03:44:17.950Z"},"service":"load-balancer"}
{"level":"info","message":{"apiType":"grpc","payloadSize":114,"queueType":"priority","responseTime":0.503,"selectedEndpoint":"http://localhost:5001/grpc","timestamp":"2024-06-05T03:44:20.322Z"},"service":"load-balancer"}
{"level":"info","message":{"apiType":"grpc","payloadSize":90,"queueType":"priority","responseTime":0.507,"selectedEndpoint":"http://localhost:5002/grpc","timestamp":"2024-06-05T03:44:23.571Z"},"service":"load-balancer"}
{"level":"info","message":{"apiType":"grpc","payloadSize":130,"queueType":"priority","responseTime":0.515,"selectedEndpoint":"http://localhost:5003/grpc","timestamp":"2024-06-05T03:44:25.967Z"},"service":"load-balancer"}
{"level":"info","message":{"apiType":"grpc","payloadSize":134,"queueType":"priority","responseTime":0.509,"selectedEndpoint":"http://localhost:5001/grpc","timestamp":"2024-06-05T03:44:28.212Z"},"service":"load-balancer"}
{"level":"info","message":{"apiType":"graphql","payloadSize":46,"queueType":"priority","responseTime":0.502,"selectedEndpoint":"http://localhost:5001/graphql","timestamp":"2024-06-05T03:44:31.458Z"},"service":"load-balancer"}
{"level":"info","message":{"apiType":"graphql","payloadSize":54,"queueType":"priority","responseTime":0.5,"selectedEndpoint":"http://localhost:5002/graphql","timestamp":"2024-06-05T03:44:33.608Z"},"service":"load-balancer"}
