{"level":"info","message":{"apiType":"grpc","payloadSize":1066,"queueType":"round-robin","responseTime":0.194,"selectedEndpoint":"http://localhost:5002/grpc?responseTime=slow","service":"api2","timestamp":"2024-06-06T06:29:55.850Z"},"service":"load-balancer"}
{"level":"info","message":{"apiType":"graphql","payloadSize":654,"queueType":"priority","responseTime":1.415,"selectedEndpoint":"http://localhost:5001/graphql","service":"api1","timestamp":"2024-06-06T06:29:57.520Z"},"service":"load-balancer"}
{"level":"info","message":{"apiType":"rest","payloadSize":278,"queueType":"round-robin","responseTime":1.705,"selectedEndpoint":"http://localhost:5002/rest?responseTime=slow","service":"api2","timestamp":"2024-06-06T06:29:58.253Z"},"service":"load-balancer"}
{"level":"info","message":{"apiType":"rest","payloadSize":646,"queueType":"fifo","responseTime":0.95,"selectedEndpoint":"http://localhost:5001/rest","service":"api1","timestamp":"2024-06-06T06:29:58.583Z"},"service":"load-balancer"}
{"level":"info","message":{"apiType":"grpc","payloadSize":70,"queueType":"priority","responseTime":0.513,"selectedEndpoint":"http://localhost:5002/grpc?responseTime=slow","service":"api2","timestamp":"2024-06-06T06:29:59.203Z"},"service":"load-balancer"}
{"level":"info","message":{"apiType":"graphql","payloadSize":1098,"queueType":"round-robin","responseTime":0.931,"selectedEndpoint":"http://localhost:5001/graphql","service":"api1","timestamp":"2024-06-06T06:29:59.525Z"},"service":"load-balancer"}
{"level":"info","message":{"apiType":"graphql","payloadSize":846,"queueType":"fifo","responseTime":1.01,"selectedEndpoint":"http://localhost:5002/graphql?responseTime=slow","service":"api2","timestamp":"2024-06-06T06:30:00.325Z"},"service":"load-balancer"}
{"level":"info","message":{"apiType":"graphql","payloadSize":1206,"queueType":"round-robin","responseTime":0.498,"selectedEndpoint":"http://localhost:5001/graphql","service":"api1","timestamp":"2024-06-06T06:30:00.363Z"},"service":"load-balancer"}
{"level":"info","message":{"apiType":"graphql","payloadSize":46,"queueType":"fifo","responseTime":0.051,"selectedEndpoint":"http://localhost:5002/graphql?responseTime=slow","service":"api2","timestamp":"2024-06-06T06:30:00.483Z"},"service":"load-balancer"}
{"level":"info","message":{"apiType":"graphql","payloadSize":1214,"queueType":"priority","responseTime":1.509,"selectedEndpoint":"http://localhost:5001/graphql","service":"api1","timestamp":"2024-06-06T06:30:02.097Z"},"service":"load-balancer"}
{"level":"info","message":{"apiType":"rest","payloadSize":366,"queueType":"round-robin","responseTime":1.013,"selectedEndpoint":"http://localhost:5001/rest","service":"api1","timestamp":"2024-06-06T06:31:13.361Z"},"service":"load-balancer"}
{"level":"info","message":{"apiType":"rest","payloadSize":154,"queueType":"fifo","responseTime":1.618,"selectedEndpoint":"http://localhost:5001/rest","service":"api1","timestamp":"2024-06-06T06:31:13.823Z"},"service":"load-balancer"}
{"level":"info","message":{"apiType":"rest","payloadSize":494,"queueType":"priority","responseTime":1.943,"selectedEndpoint":"http://localhost:5001/rest","service":"api1","timestamp":"2024-06-06T06:31:15.868Z"},"service":"load-balancer"}
{"level":"info","message":{"apiType":"grpc","payloadSize":1070,"queueType":"round-robin","responseTime":1.772,"selectedEndpoint":"http://localhost:5002/grpc?responseTime=slow","service":"api2","timestamp":"2024-06-06T06:31:16.120Z"},"service":"load-balancer"}
{"level":"info","message":{"apiType":"grpc","payloadSize":106,"queueType":"priority","responseTime":1.503,"selectedEndpoint":"http://localhost:5001/grpc","service":"api1","timestamp":"2024-06-06T06:31:17.472Z"},"service":"load-balancer"}
{"level":"info","message":{"apiType":"rest","payloadSize":842,"queueType":"fifo","responseTime":0.962,"selectedEndpoint":"http://localhost:5002/rest?responseTime=slow","service":"api2","timestamp":"2024-06-06T06:31:18.536Z"},"service":"load-balancer"}
{"level":"info","message":{"apiType":"graphql","payloadSize":350,"queueType":"fifo","responseTime":0.527,"selectedEndpoint":"http://localhost:5002/graphql?responseTime=slow","service":"api2","timestamp":"2024-06-06T06:31:19.164Z"},"service":"load-balancer"}
{"level":"info","message":{"apiType":"graphql","payloadSize":750,"queueType":"fifo","responseTime":1.829,"selectedEndpoint":"http://localhost:5001/graphql","service":"api1","timestamp":"2024-06-06T06:31:21.093Z"},"service":"load-balancer"}
{"level":"info","message":{"apiType":"graphql","payloadSize":1114,"queueType":"fifo","responseTime":1.215,"selectedEndpoint":"http://localhost:5002/graphql?responseTime=slow","service":"api2","timestamp":"2024-06-06T06:31:22.410Z"},"service":"load-balancer"}
{"level":"info","message":{"apiType":"rest","payloadSize":1222,"queueType":"fifo","responseTime":1.718,"selectedEndpoint":"http://localhost:5002/rest?responseTime=slow","service":"api2","timestamp":"2024-06-06T06:31:24.229Z"},"service":"load-balancer"}
{"level":"info","message":{"apiType":"grpc","payloadSize":146,"queueType":"fifo","responseTime":0.798,"selectedEndpoint":"http://localhost:5002/grpc?responseTime=slow","service":"api2","timestamp":"2024-06-06T06:36:04.696Z"},"service":"load-balancer"}
{"level":"info","message":{"apiType":"grpc","payloadSize":1198,"queueType":"round-robin","responseTime":1.879,"selectedEndpoint":"http://localhost:5002/grpc?responseTime=slow","service":"api2","timestamp":"2024-06-06T06:36:06.064Z"},"service":"load-balancer"}
{"level":"info","message":{"apiType":"rest","payloadSize":122,"queueType":"fifo","responseTime":1.631,"selectedEndpoint":"http://localhost:5002/rest?responseTime=slow","service":"api2","timestamp":"2024-06-06T06:36:06.428Z"},"service":"load-balancer"}
{"level":"info","message":{"apiType":"grpc","payloadSize":282,"queueType":"round-robin","responseTime":1.941,"selectedEndpoint":"http://localhost:5002/grpc?responseTime=slow","service":"api2","timestamp":"2024-06-06T06:36:08.166Z"},"service":"load-balancer"}
{"level":"info","message":{"apiType":"graphql","payloadSize":1106,"queueType":"round-robin","responseTime":0.513,"selectedEndpoint":"http://localhost:5001/graphql","service":"api1","timestamp":"2024-06-06T06:36:09.734Z"},"service":"load-balancer"}
{"level":"info","message":{"apiType":"rest","payloadSize":598,"queueType":"fifo","responseTime":1.93,"selectedEndpoint":"http://localhost:5001/rest","service":"api1","timestamp":"2024-06-06T06:36:10.326Z"},"service":"load-balancer"}
{"level":"info","message":{"apiType":"grpc","payloadSize":554,"queueType":"priority","responseTime":1.078,"selectedEndpoint":"http://localhost:5002/grpc?responseTime=slow","service":"api2","timestamp":"2024-06-06T06:36:11.517Z"},"service":"load-balancer"}
{"level":"info","message":{"apiType":"rest","payloadSize":46,"queueType":"priority","responseTime":0.93,"selectedEndpoint":"http://localhost:5001/rest","service":"api1","timestamp":"2024-06-06T06:36:12.558Z"},"service":"load-balancer"}
{"level":"info","message":{"apiType":"grpc","payloadSize":422,"queueType":"priority","responseTime":0.222,"selectedEndpoint":"http://localhost:5001/grpc","service":"api1","timestamp":"2024-06-06T06:36:12.893Z"},"service":"load-balancer"}
{"level":"info","message":{"apiType":"grpc","payloadSize":602,"queueType":"fifo","responseTime":1.865,"selectedEndpoint":"http://localhost:5002/grpc?responseTime=slow","service":"api2","timestamp":"2024-06-06T06:36:14.870Z"},"service":"load-balancer"}
